2023-03-16 09:14:46,751 - django.db.backends - DEBUG - (0.000) 
            SELECT name, type FROM sqlite_master
            WHERE type in ('table', 'view') AND NOT name='sqlite_sequence'
            ORDER BY name; args=None; alias=default
2023-03-16 09:14:46,759 - django.db.backends - DEBUG - (0.000) SELECT "django_migrations"."id", "django_migrations"."app", "django_migrations"."name", "django_migrations"."applied" FROM "django_migrations"; args=(); alias=default
2023-03-16 09:14:50,342 - django.db.backends - DEBUG - (0.001) 
            SELECT name, type FROM sqlite_master
            WHERE type in ('table', 'view') AND NOT name='sqlite_sequence'
            ORDER BY name; args=None; alias=default
2023-03-16 09:14:50,344 - django.db.backends - DEBUG - (0.000) SELECT "django_migrations"."id", "django_migrations"."app", "django_migrations"."name", "django_migrations"."applied" FROM "django_migrations"; args=(); alias=default
2023-03-16 09:14:59,013 - django.db.backends - DEBUG - (0.001) 
            SELECT name, type FROM sqlite_master
            WHERE type in ('table', 'view') AND NOT name='sqlite_sequence'
            ORDER BY name; args=None; alias=default
2023-03-16 09:14:59,015 - django.db.backends - DEBUG - (0.000) SELECT "django_migrations"."id", "django_migrations"."app", "django_migrations"."name", "django_migrations"."applied" FROM "django_migrations"; args=(); alias=default
2023-03-16 09:15:02,857 - django.db.backends - DEBUG - (0.000) 
            SELECT name, type FROM sqlite_master
            WHERE type in ('table', 'view') AND NOT name='sqlite_sequence'
            ORDER BY name; args=None; alias=default
2023-03-16 09:15:02,859 - django.db.backends - DEBUG - (0.000) SELECT "django_migrations"."id", "django_migrations"."app", "django_migrations"."name", "django_migrations"."applied" FROM "django_migrations"; args=(); alias=default
2023-03-16 09:15:09,813 - django.db.backends - DEBUG - (0.001) 
            SELECT name, type FROM sqlite_master
            WHERE type in ('table', 'view') AND NOT name='sqlite_sequence'
            ORDER BY name; args=None; alias=default
2023-03-16 09:15:09,815 - django.db.backends - DEBUG - (0.000) SELECT "django_migrations"."id", "django_migrations"."app", "django_migrations"."name", "django_migrations"."applied" FROM "django_migrations"; args=(); alias=default
2023-03-16 09:15:14,653 - django.db.backends - DEBUG - (0.000) 
            SELECT name, type FROM sqlite_master
            WHERE type in ('table', 'view') AND NOT name='sqlite_sequence'
            ORDER BY name; args=None; alias=default
2023-03-16 09:15:14,655 - django.db.backends - DEBUG - (0.000) SELECT "django_migrations"."id", "django_migrations"."app", "django_migrations"."name", "django_migrations"."applied" FROM "django_migrations"; args=(); alias=default
2023-03-16 09:15:20,513 - django.db.backends - DEBUG - (0.001) 
            SELECT name, type FROM sqlite_master
            WHERE type in ('table', 'view') AND NOT name='sqlite_sequence'
            ORDER BY name; args=None; alias=default
2023-03-16 09:15:20,515 - django.db.backends - DEBUG - (0.000) SELECT "django_migrations"."id", "django_migrations"."app", "django_migrations"."name", "django_migrations"."applied" FROM "django_migrations"; args=(); alias=default
2023-03-16 09:15:27,233 - django.db.backends - DEBUG - (0.001) 
            SELECT name, type FROM sqlite_master
            WHERE type in ('table', 'view') AND NOT name='sqlite_sequence'
            ORDER BY name; args=None; alias=default
2023-03-16 09:15:27,235 - django.db.backends - DEBUG - (0.000) SELECT "django_migrations"."id", "django_migrations"."app", "django_migrations"."name", "django_migrations"."applied" FROM "django_migrations"; args=(); alias=default
2023-03-16 09:15:28,987 - django.db.backends - DEBUG - (0.000) 
            SELECT name, type FROM sqlite_master
            WHERE type in ('table', 'view') AND NOT name='sqlite_sequence'
            ORDER BY name; args=None; alias=default
2023-03-16 09:15:28,988 - django.db.backends - DEBUG - (0.000) SELECT "django_migrations"."id", "django_migrations"."app", "django_migrations"."name", "django_migrations"."applied" FROM "django_migrations"; args=(); alias=default
2023-03-16 09:15:41,894 - django.db.backends - DEBUG - (0.001) 
            SELECT name, type FROM sqlite_master
            WHERE type in ('table', 'view') AND NOT name='sqlite_sequence'
            ORDER BY name; args=None; alias=default
2023-03-16 09:15:41,896 - django.db.backends - DEBUG - (0.000) SELECT "django_migrations"."id", "django_migrations"."app", "django_migrations"."name", "django_migrations"."applied" FROM "django_migrations"; args=(); alias=default
2023-03-16 09:15:53,124 - django.db.backends - DEBUG - (0.001) 
            SELECT name, type FROM sqlite_master
            WHERE type in ('table', 'view') AND NOT name='sqlite_sequence'
            ORDER BY name; args=None; alias=default
2023-03-16 09:15:53,126 - django.db.backends - DEBUG - (0.000) SELECT "django_migrations"."id", "django_migrations"."app", "django_migrations"."name", "django_migrations"."applied" FROM "django_migrations"; args=(); alias=default
2023-03-16 09:17:00,084 - django.db.backends - DEBUG - (0.003) SELECT "authtoken_token"."key", "authtoken_token"."user_id", "authtoken_token"."created", "app_customuser"."id", "app_customuser"."password", "app_customuser"."last_login", "app_customuser"."is_superuser", "app_customuser"."username", "app_customuser"."is_staff", "app_customuser"."is_active", "app_customuser"."date_joined", "app_customuser"."created", "app_customuser"."modified", "app_customuser"."modified_by", "app_customuser"."created_by", "app_customuser"."email", "app_customuser"."first_name", "app_customuser"."middle_name", "app_customuser"."last_name", "app_customuser"."pan_number", "app_customuser"."phone_number" FROM "authtoken_token" INNER JOIN "app_customuser" ON ("authtoken_token"."user_id" = "app_customuser"."id") WHERE "authtoken_token"."key" = 'c35ce45883270bf63faebbc3ca2029d755917375' LIMIT 21; args=('c35ce45883270bf63faebbc3ca2029d755917375',); alias=default
2023-03-16 09:17:00,088 - django.db.backends - DEBUG - (0.000) SELECT "app_customerbankaccount"."id", "app_customerbankaccount"."created", "app_customerbankaccount"."modified", "app_customerbankaccount"."modified_by", "app_customerbankaccount"."created_by", "app_customerbankaccount"."account_number", "app_customerbankaccount"."ifsc_code", "app_customerbankaccount"."customer_id", "app_customerbankaccount"."bank_id", "app_customerbankaccount"."cheque_image", "app_customerbankaccount"."branch_name", "app_customerbankaccount"."is_cheque_verified", "app_customerbankaccount"."name_as_per_bank_record", "app_customerbankaccount"."verification_mode", "app_customerbankaccount"."verification_status", "app_customerbankaccount"."account_type", "app_customerbankaccount"."balance", "app_customerbankaccount"."is_active" FROM "app_customerbankaccount" WHERE ("app_customerbankaccount"."customer_id" = 3 AND "app_customerbankaccount"."is_active"); args=(3,); alias=default
2023-03-16 09:17:00,094 - django.db.backends - DEBUG - (0.000) SELECT "app_bank"."id", "app_bank"."created", "app_bank"."modified", "app_bank"."is_active", "app_bank"."modified_by", "app_bank"."created_by", "app_bank"."bank_id", "app_bank"."bank_name", "app_bank"."bank_website", "app_bank"."bank_number", "app_bank"."bank_logo" FROM "app_bank" WHERE "app_bank"."id" = 1 LIMIT 21; args=(1,); alias=default
2023-03-16 09:17:18,354 - django.db.backends - DEBUG - (0.003) SELECT "django_session"."session_key", "django_session"."session_data", "django_session"."expire_date" FROM "django_session" WHERE ("django_session"."expire_date" > '2023-03-16 09:17:18.348106' AND "django_session"."session_key" = '0s2m51hpe2yog7julw7awmbycky5a6qf') LIMIT 21; args=('2023-03-16 09:17:18.348106', '0s2m51hpe2yog7julw7awmbycky5a6qf'); alias=default
2023-03-16 09:17:18,356 - django.db.backends - DEBUG - (0.000) SELECT "app_customuser"."id", "app_customuser"."password", "app_customuser"."last_login", "app_customuser"."is_superuser", "app_customuser"."username", "app_customuser"."is_staff", "app_customuser"."is_active", "app_customuser"."date_joined", "app_customuser"."created", "app_customuser"."modified", "app_customuser"."modified_by", "app_customuser"."created_by", "app_customuser"."email", "app_customuser"."first_name", "app_customuser"."middle_name", "app_customuser"."last_name", "app_customuser"."pan_number", "app_customuser"."phone_number" FROM "app_customuser" WHERE "app_customuser"."id" = 7 LIMIT 21; args=(7,); alias=default
2023-03-16 09:17:18,358 - django.db.backends - DEBUG - (0.000) SELECT COUNT(*) AS "__count" FROM "app_customerbankaccount"; args=(); alias=default
2023-03-16 09:17:18,359 - django.db.backends - DEBUG - (0.000) SELECT COUNT(*) AS "__count" FROM "app_customerbankaccount"; args=(); alias=default
2023-03-16 09:17:18,363 - django.db.backends - DEBUG - (0.001) SELECT "app_customerbankaccount"."id", "app_customerbankaccount"."created", "app_customerbankaccount"."modified", "app_customerbankaccount"."modified_by", "app_customerbankaccount"."created_by", "app_customerbankaccount"."account_number", "app_customerbankaccount"."ifsc_code", "app_customerbankaccount"."customer_id", "app_customerbankaccount"."bank_id", "app_customerbankaccount"."cheque_image", "app_customerbankaccount"."branch_name", "app_customerbankaccount"."is_cheque_verified", "app_customerbankaccount"."name_as_per_bank_record", "app_customerbankaccount"."verification_mode", "app_customerbankaccount"."verification_status", "app_customerbankaccount"."account_type", "app_customerbankaccount"."balance", "app_customerbankaccount"."is_active", "app_customuser"."id", "app_customuser"."password", "app_customuser"."last_login", "app_customuser"."is_superuser", "app_customuser"."username", "app_customuser"."is_staff", "app_customuser"."is_active", "app_customuser"."date_joined", "app_customuser"."created", "app_customuser"."modified", "app_customuser"."modified_by", "app_customuser"."created_by", "app_customuser"."email", "app_customuser"."first_name", "app_customuser"."middle_name", "app_customuser"."last_name", "app_customuser"."pan_number", "app_customuser"."phone_number", "app_bank"."id", "app_bank"."created", "app_bank"."modified", "app_bank"."is_active", "app_bank"."modified_by", "app_bank"."created_by", "app_bank"."bank_id", "app_bank"."bank_name", "app_bank"."bank_website", "app_bank"."bank_number", "app_bank"."bank_logo" FROM "app_customerbankaccount" INNER JOIN "app_customuser" ON ("app_customerbankaccount"."customer_id" = "app_customuser"."id") INNER JOIN "app_bank" ON ("app_customerbankaccount"."bank_id" = "app_bank"."id") ORDER BY "app_customerbankaccount"."id" DESC; args=(); alias=default
2023-03-16 09:17:18,724 - django.db.backends - DEBUG - (0.002) SELECT "django_session"."session_key", "django_session"."session_data", "django_session"."expire_date" FROM "django_session" WHERE ("django_session"."expire_date" > '2023-03-16 09:17:18.719659' AND "django_session"."session_key" = '0s2m51hpe2yog7julw7awmbycky5a6qf') LIMIT 21; args=('2023-03-16 09:17:18.719659', '0s2m51hpe2yog7julw7awmbycky5a6qf'); alias=default
2023-03-16 09:17:18,726 - django.db.backends - DEBUG - (0.000) SELECT "app_customuser"."id", "app_customuser"."password", "app_customuser"."last_login", "app_customuser"."is_superuser", "app_customuser"."username", "app_customuser"."is_staff", "app_customuser"."is_active", "app_customuser"."date_joined", "app_customuser"."created", "app_customuser"."modified", "app_customuser"."modified_by", "app_customuser"."created_by", "app_customuser"."email", "app_customuser"."first_name", "app_customuser"."middle_name", "app_customuser"."last_name", "app_customuser"."pan_number", "app_customuser"."phone_number" FROM "app_customuser" WHERE "app_customuser"."id" = 7 LIMIT 21; args=(7,); alias=default
2023-03-16 09:17:43,067 - django.db.backends - DEBUG - (0.002) SELECT "authtoken_token"."key", "authtoken_token"."user_id", "authtoken_token"."created", "app_customuser"."id", "app_customuser"."password", "app_customuser"."last_login", "app_customuser"."is_superuser", "app_customuser"."username", "app_customuser"."is_staff", "app_customuser"."is_active", "app_customuser"."date_joined", "app_customuser"."created", "app_customuser"."modified", "app_customuser"."modified_by", "app_customuser"."created_by", "app_customuser"."email", "app_customuser"."first_name", "app_customuser"."middle_name", "app_customuser"."last_name", "app_customuser"."pan_number", "app_customuser"."phone_number" FROM "authtoken_token" INNER JOIN "app_customuser" ON ("authtoken_token"."user_id" = "app_customuser"."id") WHERE "authtoken_token"."key" = 'c35ce45883270bf63faebbc3ca2029d755917375' LIMIT 21; args=('c35ce45883270bf63faebbc3ca2029d755917375',); alias=default
2023-03-16 09:17:43,071 - django.db.backends - DEBUG - (0.000) SELECT "app_customerbankaccount"."id", "app_customerbankaccount"."created", "app_customerbankaccount"."modified", "app_customerbankaccount"."modified_by", "app_customerbankaccount"."created_by", "app_customerbankaccount"."account_number", "app_customerbankaccount"."ifsc_code", "app_customerbankaccount"."customer_id", "app_customerbankaccount"."bank_id", "app_customerbankaccount"."cheque_image", "app_customerbankaccount"."branch_name", "app_customerbankaccount"."is_cheque_verified", "app_customerbankaccount"."name_as_per_bank_record", "app_customerbankaccount"."verification_mode", "app_customerbankaccount"."verification_status", "app_customerbankaccount"."account_type", "app_customerbankaccount"."balance", "app_customerbankaccount"."is_active" FROM "app_customerbankaccount" WHERE ("app_customerbankaccount"."account_number" = '99999999999244343224343323343424242490' AND "app_customerbankaccount"."customer_id" = 3 AND "app_customerbankaccount"."ifsc_code" = '00000000000777') ORDER BY "app_customerbankaccount"."id" ASC LIMIT 1; args=('99999999999244343224343323343424242490', 3, '00000000000777'); alias=default
2023-03-16 09:17:43,077 - django.db.backends - DEBUG - (0.000) SELECT "app_customuser"."id", "app_customuser"."password", "app_customuser"."last_login", "app_customuser"."is_superuser", "app_customuser"."username", "app_customuser"."is_staff", "app_customuser"."is_active", "app_customuser"."date_joined", "app_customuser"."created", "app_customuser"."modified", "app_customuser"."modified_by", "app_customuser"."created_by", "app_customuser"."email", "app_customuser"."first_name", "app_customuser"."middle_name", "app_customuser"."last_name", "app_customuser"."pan_number", "app_customuser"."phone_number" FROM "app_customuser" WHERE "app_customuser"."id" = 3 LIMIT 21; args=(3,); alias=default
2023-03-16 09:17:43,078 - django.db.backends - DEBUG - (0.000) SELECT COUNT(*) AS "__count" FROM "app_customerbankaccount" WHERE "app_customerbankaccount"."customer_id" = 3; args=(3,); alias=default
2023-03-16 09:17:43,079 - django.db.backends - DEBUG - (0.000) SELECT "app_bank"."id", "app_bank"."created", "app_bank"."modified", "app_bank"."is_active", "app_bank"."modified_by", "app_bank"."created_by", "app_bank"."bank_id", "app_bank"."bank_name", "app_bank"."bank_website", "app_bank"."bank_number", "app_bank"."bank_logo" FROM "app_bank" WHERE "app_bank"."id" = 1 LIMIT 21; args=(1,); alias=default
2023-03-16 09:17:43,080 - django.db.backends - DEBUG - (0.000) SELECT 1 AS "a" FROM "app_customerbankaccount" WHERE ("app_customerbankaccount"."account_number" = '99999999999244343224343323343424242490' AND "app_customerbankaccount"."ifsc_code" = '00000000000777') LIMIT 1; args=(1, '99999999999244343224343323343424242490', '00000000000777'); alias=default
2023-03-16 09:17:43,083 - django.db.backends - DEBUG - (0.003) UPDATE "app_customerbankaccount" SET "is_active" = 0 WHERE ("app_customerbankaccount"."customer_id" = 3 AND "app_customerbankaccount"."is_active"); args=(False, 3); alias=default
2023-03-16 09:17:43,086 - django.db.backends - DEBUG - (0.001) INSERT INTO "app_customerbankaccount" ("created", "modified", "modified_by", "created_by", "account_number", "ifsc_code", "customer_id", "bank_id", "cheque_image", "branch_name", "is_cheque_verified", "name_as_per_bank_record", "verification_mode", "verification_status", "account_type", "balance", "is_active") VALUES ('2023-03-16 09:17:43.084387', '2023-03-16 09:17:43.084478', NULL, NULL, '99999999999244343224343323343424242490', '00000000000777', 3, 1, '', 'xyz', 1, 'Aryamaan', 'EKYC', 0, 'savings', '42342.00', 1) RETURNING "app_customerbankaccount"."id"; args=('2023-03-16 09:17:43.084387', '2023-03-16 09:17:43.084478', None, None, '99999999999244343224343323343424242490', '00000000000777', 3, 1, '', 'xyz', True, 'Aryamaan', 'EKYC', False, 'savings', '42342.00', True); alias=default
2023-03-16 09:17:43,087 - django.db.backends - DEBUG - (0.000) SELECT "app_bank"."id", "app_bank"."created", "app_bank"."modified", "app_bank"."is_active", "app_bank"."modified_by", "app_bank"."created_by", "app_bank"."bank_id", "app_bank"."bank_name", "app_bank"."bank_website", "app_bank"."bank_number", "app_bank"."bank_logo" FROM "app_bank" WHERE "app_bank"."bank_id" = '1' LIMIT 21; args=('1',); alias=default
2023-03-16 09:18:23,208 - django.db.backends - DEBUG - (0.002) SELECT "authtoken_token"."key", "authtoken_token"."user_id", "authtoken_token"."created", "app_customuser"."id", "app_customuser"."password", "app_customuser"."last_login", "app_customuser"."is_superuser", "app_customuser"."username", "app_customuser"."is_staff", "app_customuser"."is_active", "app_customuser"."date_joined", "app_customuser"."created", "app_customuser"."modified", "app_customuser"."modified_by", "app_customuser"."created_by", "app_customuser"."email", "app_customuser"."first_name", "app_customuser"."middle_name", "app_customuser"."last_name", "app_customuser"."pan_number", "app_customuser"."phone_number" FROM "authtoken_token" INNER JOIN "app_customuser" ON ("authtoken_token"."user_id" = "app_customuser"."id") WHERE "authtoken_token"."key" = 'c35ce45883270bf63faebbc3ca2029d755917375' LIMIT 21; args=('c35ce45883270bf63faebbc3ca2029d755917375',); alias=default
2023-03-16 09:26:39,174 - django.db.backends - DEBUG - (0.001) 
            SELECT name, type FROM sqlite_master
            WHERE type in ('table', 'view') AND NOT name='sqlite_sequence'
            ORDER BY name; args=None; alias=default
2023-03-16 09:26:39,186 - django.db.backends - DEBUG - (0.000) SELECT "django_migrations"."id", "django_migrations"."app", "django_migrations"."name", "django_migrations"."applied" FROM "django_migrations"; args=(); alias=default
2023-03-16 09:26:41,837 - django.db.backends - DEBUG - (0.000) 
            SELECT name, type FROM sqlite_master
            WHERE type in ('table', 'view') AND NOT name='sqlite_sequence'
            ORDER BY name; args=None; alias=default
2023-03-16 09:26:41,838 - django.db.backends - DEBUG - (0.000) SELECT "django_migrations"."id", "django_migrations"."app", "django_migrations"."name", "django_migrations"."applied" FROM "django_migrations"; args=(); alias=default
2023-03-16 09:31:09,957 - django.db.backends - DEBUG - (0.001) 
            SELECT name, type FROM sqlite_master
            WHERE type in ('table', 'view') AND NOT name='sqlite_sequence'
            ORDER BY name; args=None; alias=default
2023-03-16 09:31:09,958 - django.db.backends - DEBUG - (0.000) SELECT "django_migrations"."id", "django_migrations"."app", "django_migrations"."name", "django_migrations"."applied" FROM "django_migrations"; args=(); alias=default
2023-03-16 09:31:22,084 - django.db.backends - DEBUG - (0.006) 
            SELECT name, type FROM sqlite_master
            WHERE type in ('table', 'view') AND NOT name='sqlite_sequence'
            ORDER BY name; args=None; alias=default
2023-03-16 09:31:22,087 - django.db.backends - DEBUG - (0.000) SELECT "django_migrations"."id", "django_migrations"."app", "django_migrations"."name", "django_migrations"."applied" FROM "django_migrations"; args=(); alias=default
2023-03-16 09:31:30,063 - django.db.backends - DEBUG - (0.000) 
            SELECT name, type FROM sqlite_master
            WHERE type in ('table', 'view') AND NOT name='sqlite_sequence'
            ORDER BY name; args=None; alias=default
2023-03-16 09:31:30,064 - django.db.backends - DEBUG - (0.000) SELECT "django_migrations"."id", "django_migrations"."app", "django_migrations"."name", "django_migrations"."applied" FROM "django_migrations"; args=(); alias=default
2023-03-16 09:31:35,968 - django.db.backends - DEBUG - (0.000) 
            SELECT name, type FROM sqlite_master
            WHERE type in ('table', 'view') AND NOT name='sqlite_sequence'
            ORDER BY name; args=None; alias=default
2023-03-16 09:31:35,970 - django.db.backends - DEBUG - (0.000) SELECT "django_migrations"."id", "django_migrations"."app", "django_migrations"."name", "django_migrations"."applied" FROM "django_migrations"; args=(); alias=default
2023-03-16 09:31:40,846 - django.db.backends - DEBUG - (0.001) 
            SELECT name, type FROM sqlite_master
            WHERE type in ('table', 'view') AND NOT name='sqlite_sequence'
            ORDER BY name; args=None; alias=default
2023-03-16 09:31:40,848 - django.db.backends - DEBUG - (0.000) SELECT "django_migrations"."id", "django_migrations"."app", "django_migrations"."name", "django_migrations"."applied" FROM "django_migrations"; args=(); alias=default
2023-03-16 09:31:48,681 - django.db.backends - DEBUG - (0.000) 
            SELECT name, type FROM sqlite_master
            WHERE type in ('table', 'view') AND NOT name='sqlite_sequence'
            ORDER BY name; args=None; alias=default
2023-03-16 09:31:48,683 - django.db.backends - DEBUG - (0.000) SELECT "django_migrations"."id", "django_migrations"."app", "django_migrations"."name", "django_migrations"."applied" FROM "django_migrations"; args=(); alias=default
2023-03-16 09:31:54,604 - django.db.backends - DEBUG - (0.002) 
            SELECT name, type FROM sqlite_master
            WHERE type in ('table', 'view') AND NOT name='sqlite_sequence'
            ORDER BY name; args=None; alias=default
2023-03-16 09:31:54,606 - django.db.backends - DEBUG - (0.000) SELECT "django_migrations"."id", "django_migrations"."app", "django_migrations"."name", "django_migrations"."applied" FROM "django_migrations"; args=(); alias=default
2023-03-16 09:31:59,268 - django.db.backends - DEBUG - (0.000) 
            SELECT name, type FROM sqlite_master
            WHERE type in ('table', 'view') AND NOT name='sqlite_sequence'
            ORDER BY name; args=None; alias=default
2023-03-16 09:31:59,270 - django.db.backends - DEBUG - (0.000) SELECT "django_migrations"."id", "django_migrations"."app", "django_migrations"."name", "django_migrations"."applied" FROM "django_migrations"; args=(); alias=default
2023-03-16 09:32:25,156 - django.db.backends - DEBUG - (0.001) 
            SELECT name, type FROM sqlite_master
            WHERE type in ('table', 'view') AND NOT name='sqlite_sequence'
            ORDER BY name; args=None; alias=default
2023-03-16 09:32:25,157 - django.db.backends - DEBUG - (0.000) SELECT "django_migrations"."id", "django_migrations"."app", "django_migrations"."name", "django_migrations"."applied" FROM "django_migrations"; args=(); alias=default
2023-03-16 09:32:32,127 - django.db.backends - DEBUG - (0.001) 
            SELECT name, type FROM sqlite_master
            WHERE type in ('table', 'view') AND NOT name='sqlite_sequence'
            ORDER BY name; args=None; alias=default
2023-03-16 09:32:32,129 - django.db.backends - DEBUG - (0.001) SELECT "django_migrations"."id", "django_migrations"."app", "django_migrations"."name", "django_migrations"."applied" FROM "django_migrations"; args=(); alias=default
2023-03-16 09:36:09,819 - django.db.backends - DEBUG - (0.001) 
            SELECT name, type FROM sqlite_master
            WHERE type in ('table', 'view') AND NOT name='sqlite_sequence'
            ORDER BY name; args=None; alias=default
2023-03-16 09:36:09,829 - django.db.backends - DEBUG - (0.000) SELECT "django_migrations"."id", "django_migrations"."app", "django_migrations"."name", "django_migrations"."applied" FROM "django_migrations"; args=(); alias=default
2023-03-16 09:36:16,646 - django.db.backends - DEBUG - (0.001) 
            SELECT name, type FROM sqlite_master
            WHERE type in ('table', 'view') AND NOT name='sqlite_sequence'
            ORDER BY name; args=None; alias=default
2023-03-16 09:36:16,647 - django.db.backends - DEBUG - (0.000) SELECT "django_migrations"."id", "django_migrations"."app", "django_migrations"."name", "django_migrations"."applied" FROM "django_migrations"; args=(); alias=default
2023-03-16 09:36:21,513 - django.db.backends - DEBUG - (0.000) 
            SELECT name, type FROM sqlite_master
            WHERE type in ('table', 'view') AND NOT name='sqlite_sequence'
            ORDER BY name; args=None; alias=default
2023-03-16 09:36:21,514 - django.db.backends - DEBUG - (0.000) SELECT "django_migrations"."id", "django_migrations"."app", "django_migrations"."name", "django_migrations"."applied" FROM "django_migrations"; args=(); alias=default
2023-03-16 09:36:23,242 - django.db.backends - DEBUG - (0.000) 
            SELECT name, type FROM sqlite_master
            WHERE type in ('table', 'view') AND NOT name='sqlite_sequence'
            ORDER BY name; args=None; alias=default
2023-03-16 09:36:23,244 - django.db.backends - DEBUG - (0.000) SELECT "django_migrations"."id", "django_migrations"."app", "django_migrations"."name", "django_migrations"."applied" FROM "django_migrations"; args=(); alias=default
2023-03-16 09:36:29,146 - django.db.backends - DEBUG - (0.001) 
            SELECT name, type FROM sqlite_master
            WHERE type in ('table', 'view') AND NOT name='sqlite_sequence'
            ORDER BY name; args=None; alias=default
2023-03-16 09:36:29,148 - django.db.backends - DEBUG - (0.000) SELECT "django_migrations"."id", "django_migrations"."app", "django_migrations"."name", "django_migrations"."applied" FROM "django_migrations"; args=(); alias=default
2023-03-16 09:36:36,101 - django.db.backends - DEBUG - (0.000) 
            SELECT name, type FROM sqlite_master
            WHERE type in ('table', 'view') AND NOT name='sqlite_sequence'
            ORDER BY name; args=None; alias=default
2023-03-16 09:36:36,103 - django.db.backends - DEBUG - (0.000) SELECT "django_migrations"."id", "django_migrations"."app", "django_migrations"."name", "django_migrations"."applied" FROM "django_migrations"; args=(); alias=default
2023-03-16 09:36:44,655 - django.db.backends - DEBUG - (0.002) 
            SELECT name, type FROM sqlite_master
            WHERE type in ('table', 'view') AND NOT name='sqlite_sequence'
            ORDER BY name; args=None; alias=default
2023-03-16 09:36:44,656 - django.db.backends - DEBUG - (0.000) SELECT "django_migrations"."id", "django_migrations"."app", "django_migrations"."name", "django_migrations"."applied" FROM "django_migrations"; args=(); alias=default
2023-03-16 09:38:01,481 - django.db.backends - DEBUG - (0.002) SELECT "authtoken_token"."key", "authtoken_token"."user_id", "authtoken_token"."created", "app_customuser"."id", "app_customuser"."password", "app_customuser"."last_login", "app_customuser"."is_superuser", "app_customuser"."username", "app_customuser"."is_staff", "app_customuser"."is_active", "app_customuser"."date_joined", "app_customuser"."created", "app_customuser"."modified", "app_customuser"."modified_by", "app_customuser"."created_by", "app_customuser"."email", "app_customuser"."first_name", "app_customuser"."middle_name", "app_customuser"."last_name", "app_customuser"."pan_number", "app_customuser"."phone_number" FROM "authtoken_token" INNER JOIN "app_customuser" ON ("authtoken_token"."user_id" = "app_customuser"."id") WHERE "authtoken_token"."key" = 'c35ce45883270bf63faebbc3ca2029d755917375' LIMIT 21; args=('c35ce45883270bf63faebbc3ca2029d755917375',); alias=default
2023-03-16 09:38:01,485 - django.db.backends - DEBUG - (0.001) SELECT "app_customerbankaccount"."id", "app_customerbankaccount"."created", "app_customerbankaccount"."modified", "app_customerbankaccount"."modified_by", "app_customerbankaccount"."created_by", "app_customerbankaccount"."account_number", "app_customerbankaccount"."ifsc_code", "app_customerbankaccount"."customer_id", "app_customerbankaccount"."bank_id", "app_customerbankaccount"."cheque_image", "app_customerbankaccount"."branch_name", "app_customerbankaccount"."is_cheque_verified", "app_customerbankaccount"."name_as_per_bank_record", "app_customerbankaccount"."verification_mode", "app_customerbankaccount"."verification_status", "app_customerbankaccount"."account_type", "app_customerbankaccount"."balance", "app_customerbankaccount"."is_active" FROM "app_customerbankaccount" WHERE ("app_customerbankaccount"."account_number" = '99999999999244343224343323343424242490' AND "app_customerbankaccount"."customer_id" = 3 AND "app_customerbankaccount"."ifsc_code" = '00000000000777') ORDER BY "app_customerbankaccount"."id" ASC LIMIT 1; args=('99999999999244343224343323343424242490', 3, '00000000000777'); alias=default
2023-03-16 09:38:05,796 - django.db.backends - DEBUG - (0.001) SELECT "authtoken_token"."key", "authtoken_token"."user_id", "authtoken_token"."created", "app_customuser"."id", "app_customuser"."password", "app_customuser"."last_login", "app_customuser"."is_superuser", "app_customuser"."username", "app_customuser"."is_staff", "app_customuser"."is_active", "app_customuser"."date_joined", "app_customuser"."created", "app_customuser"."modified", "app_customuser"."modified_by", "app_customuser"."created_by", "app_customuser"."email", "app_customuser"."first_name", "app_customuser"."middle_name", "app_customuser"."last_name", "app_customuser"."pan_number", "app_customuser"."phone_number" FROM "authtoken_token" INNER JOIN "app_customuser" ON ("authtoken_token"."user_id" = "app_customuser"."id") WHERE "authtoken_token"."key" = 'c35ce45883270bf63faebbc3ca2029d755917375' LIMIT 21; args=('c35ce45883270bf63faebbc3ca2029d755917375',); alias=default
2023-03-16 09:38:05,798 - django.db.backends - DEBUG - (0.000) SELECT "app_customerbankaccount"."id", "app_customerbankaccount"."created", "app_customerbankaccount"."modified", "app_customerbankaccount"."modified_by", "app_customerbankaccount"."created_by", "app_customerbankaccount"."account_number", "app_customerbankaccount"."ifsc_code", "app_customerbankaccount"."customer_id", "app_customerbankaccount"."bank_id", "app_customerbankaccount"."cheque_image", "app_customerbankaccount"."branch_name", "app_customerbankaccount"."is_cheque_verified", "app_customerbankaccount"."name_as_per_bank_record", "app_customerbankaccount"."verification_mode", "app_customerbankaccount"."verification_status", "app_customerbankaccount"."account_type", "app_customerbankaccount"."balance", "app_customerbankaccount"."is_active" FROM "app_customerbankaccount" WHERE ("app_customerbankaccount"."account_number" = '9999993323299999244343224343323343424242490' AND "app_customerbankaccount"."customer_id" = 3 AND "app_customerbankaccount"."ifsc_code" = '00000000000777') ORDER BY "app_customerbankaccount"."id" ASC LIMIT 1; args=('9999993323299999244343224343323343424242490', 3, '00000000000777'); alias=default
2023-03-16 09:38:05,801 - django.db.backends - DEBUG - (0.000) SELECT "app_customuser"."id", "app_customuser"."password", "app_customuser"."last_login", "app_customuser"."is_superuser", "app_customuser"."username", "app_customuser"."is_staff", "app_customuser"."is_active", "app_customuser"."date_joined", "app_customuser"."created", "app_customuser"."modified", "app_customuser"."modified_by", "app_customuser"."created_by", "app_customuser"."email", "app_customuser"."first_name", "app_customuser"."middle_name", "app_customuser"."last_name", "app_customuser"."pan_number", "app_customuser"."phone_number" FROM "app_customuser" WHERE "app_customuser"."id" = 3 LIMIT 21; args=(3,); alias=default
2023-03-16 09:38:05,802 - django.db.backends - DEBUG - (0.000) SELECT COUNT(*) AS "__count" FROM "app_customerbankaccount" WHERE "app_customerbankaccount"."customer_id" = 3; args=(3,); alias=default
2023-03-16 09:38:05,803 - django.db.backends - DEBUG - (0.000) SELECT "app_bank"."id", "app_bank"."created", "app_bank"."modified", "app_bank"."is_active", "app_bank"."modified_by", "app_bank"."created_by", "app_bank"."bank_id", "app_bank"."bank_name", "app_bank"."bank_website", "app_bank"."bank_number", "app_bank"."bank_logo" FROM "app_bank" WHERE "app_bank"."id" = 1 LIMIT 21; args=(1,); alias=default
2023-03-16 09:38:05,804 - django.db.backends - DEBUG - (0.000) SELECT 1 AS "a" FROM "app_customerbankaccount" WHERE ("app_customerbankaccount"."account_number" = '9999993323299999244343224343323343424242490' AND "app_customerbankaccount"."ifsc_code" = '00000000000777') LIMIT 1; args=(1, '9999993323299999244343224343323343424242490', '00000000000777'); alias=default
2023-03-16 09:38:05,808 - django.db.backends - DEBUG - (0.003) UPDATE "app_customerbankaccount" SET "is_active" = 0 WHERE ("app_customerbankaccount"."customer_id" = 3 AND "app_customerbankaccount"."is_active"); args=(False, 3); alias=default
2023-03-16 09:38:05,810 - django.db.backends - DEBUG - (0.001) INSERT INTO "app_customerbankaccount" ("created", "modified", "modified_by", "created_by", "account_number", "ifsc_code", "customer_id", "bank_id", "cheque_image", "branch_name", "is_cheque_verified", "name_as_per_bank_record", "verification_mode", "verification_status", "account_type", "balance", "is_active") VALUES ('2023-03-16 09:38:05.809450', '2023-03-16 09:38:05.809493', NULL, NULL, '9999993323299999244343224343323343424242490', '00000000000777', 3, 1, '', 'xyz', 1, 'Aryamaan', 'EKYC', 0, 'savings', '42342.00', 1) RETURNING "app_customerbankaccount"."id"; args=('2023-03-16 09:38:05.809450', '2023-03-16 09:38:05.809493', None, None, '9999993323299999244343224343323343424242490', '00000000000777', 3, 1, '', 'xyz', True, 'Aryamaan', 'EKYC', False, 'savings', '42342.00', True); alias=default
2023-03-16 09:38:05,814 - django.db.backends - DEBUG - (0.000) SELECT "app_bank"."id", "app_bank"."created", "app_bank"."modified", "app_bank"."is_active", "app_bank"."modified_by", "app_bank"."created_by", "app_bank"."bank_id", "app_bank"."bank_name", "app_bank"."bank_website", "app_bank"."bank_number", "app_bank"."bank_logo" FROM "app_bank" WHERE "app_bank"."bank_id" = '1' LIMIT 21; args=('1',); alias=default
2023-03-16 09:38:37,390 - django.db.backends - DEBUG - (0.001) SELECT "authtoken_token"."key", "authtoken_token"."user_id", "authtoken_token"."created", "app_customuser"."id", "app_customuser"."password", "app_customuser"."last_login", "app_customuser"."is_superuser", "app_customuser"."username", "app_customuser"."is_staff", "app_customuser"."is_active", "app_customuser"."date_joined", "app_customuser"."created", "app_customuser"."modified", "app_customuser"."modified_by", "app_customuser"."created_by", "app_customuser"."email", "app_customuser"."first_name", "app_customuser"."middle_name", "app_customuser"."last_name", "app_customuser"."pan_number", "app_customuser"."phone_number" FROM "authtoken_token" INNER JOIN "app_customuser" ON ("authtoken_token"."user_id" = "app_customuser"."id") WHERE "authtoken_token"."key" = 'c35ce45883270bf63faebbc3ca2029d755917375' LIMIT 21; args=('c35ce45883270bf63faebbc3ca2029d755917375',); alias=default
2023-03-16 09:39:02,947 - django.db.backends - DEBUG - (0.000) 
            SELECT name, type FROM sqlite_master
            WHERE type in ('table', 'view') AND NOT name='sqlite_sequence'
            ORDER BY name; args=None; alias=default
2023-03-16 09:39:02,948 - django.db.backends - DEBUG - (0.000) SELECT "django_migrations"."id", "django_migrations"."app", "django_migrations"."name", "django_migrations"."applied" FROM "django_migrations"; args=(); alias=default
2023-03-16 09:39:05,447 - django.db.backends - DEBUG - (0.001) SELECT "authtoken_token"."key", "authtoken_token"."user_id", "authtoken_token"."created", "app_customuser"."id", "app_customuser"."password", "app_customuser"."last_login", "app_customuser"."is_superuser", "app_customuser"."username", "app_customuser"."is_staff", "app_customuser"."is_active", "app_customuser"."date_joined", "app_customuser"."created", "app_customuser"."modified", "app_customuser"."modified_by", "app_customuser"."created_by", "app_customuser"."email", "app_customuser"."first_name", "app_customuser"."middle_name", "app_customuser"."last_name", "app_customuser"."pan_number", "app_customuser"."phone_number" FROM "authtoken_token" INNER JOIN "app_customuser" ON ("authtoken_token"."user_id" = "app_customuser"."id") WHERE "authtoken_token"."key" = 'c35ce45883270bf63faebbc3ca2029d755917375' LIMIT 21; args=('c35ce45883270bf63faebbc3ca2029d755917375',); alias=default
2023-03-16 09:39:23,934 - django.db.backends - DEBUG - (0.000) 
            SELECT name, type FROM sqlite_master
            WHERE type in ('table', 'view') AND NOT name='sqlite_sequence'
            ORDER BY name; args=None; alias=default
2023-03-16 09:39:23,936 - django.db.backends - DEBUG - (0.000) SELECT "django_migrations"."id", "django_migrations"."app", "django_migrations"."name", "django_migrations"."applied" FROM "django_migrations"; args=(); alias=default
2023-03-16 09:39:24,443 - django.db.backends - DEBUG - (0.001) SELECT "authtoken_token"."key", "authtoken_token"."user_id", "authtoken_token"."created", "app_customuser"."id", "app_customuser"."password", "app_customuser"."last_login", "app_customuser"."is_superuser", "app_customuser"."username", "app_customuser"."is_staff", "app_customuser"."is_active", "app_customuser"."date_joined", "app_customuser"."created", "app_customuser"."modified", "app_customuser"."modified_by", "app_customuser"."created_by", "app_customuser"."email", "app_customuser"."first_name", "app_customuser"."middle_name", "app_customuser"."last_name", "app_customuser"."pan_number", "app_customuser"."phone_number" FROM "authtoken_token" INNER JOIN "app_customuser" ON ("authtoken_token"."user_id" = "app_customuser"."id") WHERE "authtoken_token"."key" = 'c35ce45883270bf63faebbc3ca2029d755917375' LIMIT 21; args=('c35ce45883270bf63faebbc3ca2029d755917375',); alias=default
2023-03-16 09:40:27,630 - django.db.backends - DEBUG - (0.002) SELECT "authtoken_token"."key", "authtoken_token"."user_id", "authtoken_token"."created", "app_customuser"."id", "app_customuser"."password", "app_customuser"."last_login", "app_customuser"."is_superuser", "app_customuser"."username", "app_customuser"."is_staff", "app_customuser"."is_active", "app_customuser"."date_joined", "app_customuser"."created", "app_customuser"."modified", "app_customuser"."modified_by", "app_customuser"."created_by", "app_customuser"."email", "app_customuser"."first_name", "app_customuser"."middle_name", "app_customuser"."last_name", "app_customuser"."pan_number", "app_customuser"."phone_number" FROM "authtoken_token" INNER JOIN "app_customuser" ON ("authtoken_token"."user_id" = "app_customuser"."id") WHERE "authtoken_token"."key" = 'c35ce45883270bf63faebbc3ca2029d755917375' LIMIT 21; args=('c35ce45883270bf63faebbc3ca2029d755917375',); alias=default
2023-03-16 09:40:27,633 - django.db.backends - DEBUG - (0.000) SELECT "app_customerbankaccount"."id", "app_customerbankaccount"."created", "app_customerbankaccount"."modified", "app_customerbankaccount"."modified_by", "app_customerbankaccount"."created_by", "app_customerbankaccount"."account_number", "app_customerbankaccount"."ifsc_code", "app_customerbankaccount"."customer_id", "app_customerbankaccount"."bank_id", "app_customerbankaccount"."cheque_image", "app_customerbankaccount"."branch_name", "app_customerbankaccount"."is_cheque_verified", "app_customerbankaccount"."name_as_per_bank_record", "app_customerbankaccount"."verification_mode", "app_customerbankaccount"."verification_status", "app_customerbankaccount"."account_type", "app_customerbankaccount"."balance", "app_customerbankaccount"."is_active" FROM "app_customerbankaccount" WHERE ("app_customerbankaccount"."customer_id" = 3 AND "app_customerbankaccount"."is_active"); args=(3,); alias=default
2023-03-16 09:40:27,637 - django.db.backends - DEBUG - (0.001) SELECT "app_bank"."id", "app_bank"."created", "app_bank"."modified", "app_bank"."is_active", "app_bank"."modified_by", "app_bank"."created_by", "app_bank"."bank_id", "app_bank"."bank_name", "app_bank"."bank_website", "app_bank"."bank_number", "app_bank"."bank_logo" FROM "app_bank" WHERE "app_bank"."id" = 1 LIMIT 21; args=(1,); alias=default
2023-03-16 09:40:31,809 - django.db.backends - DEBUG - (0.001) SELECT "django_session"."session_key", "django_session"."session_data", "django_session"."expire_date" FROM "django_session" WHERE ("django_session"."expire_date" > '2023-03-16 09:40:31.806910' AND "django_session"."session_key" = '0s2m51hpe2yog7julw7awmbycky5a6qf') LIMIT 21; args=('2023-03-16 09:40:31.806910', '0s2m51hpe2yog7julw7awmbycky5a6qf'); alias=default
2023-03-16 09:40:31,810 - django.db.backends - DEBUG - (0.000) SELECT "app_customuser"."id", "app_customuser"."password", "app_customuser"."last_login", "app_customuser"."is_superuser", "app_customuser"."username", "app_customuser"."is_staff", "app_customuser"."is_active", "app_customuser"."date_joined", "app_customuser"."created", "app_customuser"."modified", "app_customuser"."modified_by", "app_customuser"."created_by", "app_customuser"."email", "app_customuser"."first_name", "app_customuser"."middle_name", "app_customuser"."last_name", "app_customuser"."pan_number", "app_customuser"."phone_number" FROM "app_customuser" WHERE "app_customuser"."id" = 7 LIMIT 21; args=(7,); alias=default
2023-03-16 09:40:31,811 - django.db.backends - DEBUG - (0.000) SELECT COUNT(*) AS "__count" FROM "authtoken_token"; args=(); alias=default
2023-03-16 09:40:31,811 - django.db.backends - DEBUG - (0.000) SELECT COUNT(*) AS "__count" FROM "authtoken_token"; args=(); alias=default
2023-03-16 09:40:31,830 - django.db.backends - DEBUG - (0.000) SELECT "authtoken_token"."key", "authtoken_token"."user_id", "authtoken_token"."created", "app_customuser"."id", "app_customuser"."password", "app_customuser"."last_login", "app_customuser"."is_superuser", "app_customuser"."username", "app_customuser"."is_staff", "app_customuser"."is_active", "app_customuser"."date_joined", "app_customuser"."created", "app_customuser"."modified", "app_customuser"."modified_by", "app_customuser"."created_by", "app_customuser"."email", "app_customuser"."first_name", "app_customuser"."middle_name", "app_customuser"."last_name", "app_customuser"."pan_number", "app_customuser"."phone_number" FROM "authtoken_token" INNER JOIN "app_customuser" ON ("authtoken_token"."user_id" = "app_customuser"."id") ORDER BY "authtoken_token"."created" DESC, "authtoken_token"."key" DESC; args=(); alias=default
2023-03-16 09:40:49,490 - django.db.backends - DEBUG - (0.002) SELECT "authtoken_token"."key", "authtoken_token"."user_id", "authtoken_token"."created", "app_customuser"."id", "app_customuser"."password", "app_customuser"."last_login", "app_customuser"."is_superuser", "app_customuser"."username", "app_customuser"."is_staff", "app_customuser"."is_active", "app_customuser"."date_joined", "app_customuser"."created", "app_customuser"."modified", "app_customuser"."modified_by", "app_customuser"."created_by", "app_customuser"."email", "app_customuser"."first_name", "app_customuser"."middle_name", "app_customuser"."last_name", "app_customuser"."pan_number", "app_customuser"."phone_number" FROM "authtoken_token" INNER JOIN "app_customuser" ON ("authtoken_token"."user_id" = "app_customuser"."id") WHERE "authtoken_token"."key" = '91e0018dbaaac1e158e6824f8eee044ac1cd4b42' LIMIT 21; args=('91e0018dbaaac1e158e6824f8eee044ac1cd4b42',); alias=default
2023-03-16 09:40:49,493 - django.db.backends - DEBUG - (0.001) SELECT "app_customerbankaccount"."id", "app_customerbankaccount"."created", "app_customerbankaccount"."modified", "app_customerbankaccount"."modified_by", "app_customerbankaccount"."created_by", "app_customerbankaccount"."account_number", "app_customerbankaccount"."ifsc_code", "app_customerbankaccount"."customer_id", "app_customerbankaccount"."bank_id", "app_customerbankaccount"."cheque_image", "app_customerbankaccount"."branch_name", "app_customerbankaccount"."is_cheque_verified", "app_customerbankaccount"."name_as_per_bank_record", "app_customerbankaccount"."verification_mode", "app_customerbankaccount"."verification_status", "app_customerbankaccount"."account_type", "app_customerbankaccount"."balance", "app_customerbankaccount"."is_active" FROM "app_customerbankaccount" WHERE ("app_customerbankaccount"."customer_id" = 7 AND "app_customerbankaccount"."is_active"); args=(7,); alias=default
2023-03-16 09:40:50,460 - django.db.backends - DEBUG - (0.001) SELECT "authtoken_token"."key", "authtoken_token"."user_id", "authtoken_token"."created", "app_customuser"."id", "app_customuser"."password", "app_customuser"."last_login", "app_customuser"."is_superuser", "app_customuser"."username", "app_customuser"."is_staff", "app_customuser"."is_active", "app_customuser"."date_joined", "app_customuser"."created", "app_customuser"."modified", "app_customuser"."modified_by", "app_customuser"."created_by", "app_customuser"."email", "app_customuser"."first_name", "app_customuser"."middle_name", "app_customuser"."last_name", "app_customuser"."pan_number", "app_customuser"."phone_number" FROM "authtoken_token" INNER JOIN "app_customuser" ON ("authtoken_token"."user_id" = "app_customuser"."id") WHERE "authtoken_token"."key" = '91e0018dbaaac1e158e6824f8eee044ac1cd4b42' LIMIT 21; args=('91e0018dbaaac1e158e6824f8eee044ac1cd4b42',); alias=default
2023-03-16 09:40:50,462 - django.db.backends - DEBUG - (0.000) SELECT "app_customerbankaccount"."id", "app_customerbankaccount"."created", "app_customerbankaccount"."modified", "app_customerbankaccount"."modified_by", "app_customerbankaccount"."created_by", "app_customerbankaccount"."account_number", "app_customerbankaccount"."ifsc_code", "app_customerbankaccount"."customer_id", "app_customerbankaccount"."bank_id", "app_customerbankaccount"."cheque_image", "app_customerbankaccount"."branch_name", "app_customerbankaccount"."is_cheque_verified", "app_customerbankaccount"."name_as_per_bank_record", "app_customerbankaccount"."verification_mode", "app_customerbankaccount"."verification_status", "app_customerbankaccount"."account_type", "app_customerbankaccount"."balance", "app_customerbankaccount"."is_active" FROM "app_customerbankaccount" WHERE ("app_customerbankaccount"."customer_id" = 7 AND "app_customerbankaccount"."is_active"); args=(7,); alias=default
2023-03-16 09:40:57,325 - django.db.backends - DEBUG - (0.001) SELECT "authtoken_token"."key", "authtoken_token"."user_id", "authtoken_token"."created", "app_customuser"."id", "app_customuser"."password", "app_customuser"."last_login", "app_customuser"."is_superuser", "app_customuser"."username", "app_customuser"."is_staff", "app_customuser"."is_active", "app_customuser"."date_joined", "app_customuser"."created", "app_customuser"."modified", "app_customuser"."modified_by", "app_customuser"."created_by", "app_customuser"."email", "app_customuser"."first_name", "app_customuser"."middle_name", "app_customuser"."last_name", "app_customuser"."pan_number", "app_customuser"."phone_number" FROM "authtoken_token" INNER JOIN "app_customuser" ON ("authtoken_token"."user_id" = "app_customuser"."id") WHERE "authtoken_token"."key" = '91e0018dbaaac1e158e6824f8eee044ac1cd4b42' LIMIT 21; args=('91e0018dbaaac1e158e6824f8eee044ac1cd4b42',); alias=default
2023-03-16 09:40:57,327 - django.db.backends - DEBUG - (0.000) SELECT "app_customerbankaccount"."id", "app_customerbankaccount"."created", "app_customerbankaccount"."modified", "app_customerbankaccount"."modified_by", "app_customerbankaccount"."created_by", "app_customerbankaccount"."account_number", "app_customerbankaccount"."ifsc_code", "app_customerbankaccount"."customer_id", "app_customerbankaccount"."bank_id", "app_customerbankaccount"."cheque_image", "app_customerbankaccount"."branch_name", "app_customerbankaccount"."is_cheque_verified", "app_customerbankaccount"."name_as_per_bank_record", "app_customerbankaccount"."verification_mode", "app_customerbankaccount"."verification_status", "app_customerbankaccount"."account_type", "app_customerbankaccount"."balance", "app_customerbankaccount"."is_active" FROM "app_customerbankaccount" WHERE ("app_customerbankaccount"."customer_id" = 7 AND "app_customerbankaccount"."is_active"); args=(7,); alias=default
2023-03-16 09:45:07,101 - django.db.backends - DEBUG - (0.002) SELECT "django_session"."session_key", "django_session"."session_data", "django_session"."expire_date" FROM "django_session" WHERE ("django_session"."expire_date" > '2023-03-16 09:45:07.096480' AND "django_session"."session_key" = '0s2m51hpe2yog7julw7awmbycky5a6qf') LIMIT 21; args=('2023-03-16 09:45:07.096480', '0s2m51hpe2yog7julw7awmbycky5a6qf'); alias=default
2023-03-16 09:45:07,105 - django.db.backends - DEBUG - (0.000) SELECT "app_customuser"."id", "app_customuser"."password", "app_customuser"."last_login", "app_customuser"."is_superuser", "app_customuser"."username", "app_customuser"."is_staff", "app_customuser"."is_active", "app_customuser"."date_joined", "app_customuser"."created", "app_customuser"."modified", "app_customuser"."modified_by", "app_customuser"."created_by", "app_customuser"."email", "app_customuser"."first_name", "app_customuser"."middle_name", "app_customuser"."last_name", "app_customuser"."pan_number", "app_customuser"."phone_number" FROM "app_customuser" WHERE "app_customuser"."id" = 7 LIMIT 21; args=(7,); alias=default
2023-03-16 09:45:07,105 - django.db.backends - DEBUG - (0.000) BEGIN; args=None; alias=default
2023-03-16 09:45:07,107 - django.db.backends - DEBUG - (0.000) SELECT "app_customuser"."id", "app_customuser"."password", "app_customuser"."last_login", "app_customuser"."is_superuser", "app_customuser"."username", "app_customuser"."is_staff", "app_customuser"."is_active", "app_customuser"."date_joined", "app_customuser"."created", "app_customuser"."modified", "app_customuser"."modified_by", "app_customuser"."created_by", "app_customuser"."email", "app_customuser"."first_name", "app_customuser"."middle_name", "app_customuser"."last_name", "app_customuser"."pan_number", "app_customuser"."phone_number" FROM "app_customuser" WHERE "app_customuser"."id" = 3 LIMIT 21; args=(3,); alias=default
2023-03-16 09:45:07,108 - django.db.backends - DEBUG - (0.000) SELECT "authtoken_token"."key", "authtoken_token"."user_id", "authtoken_token"."created" FROM "authtoken_token" WHERE "authtoken_token"."user_id" = 3 LIMIT 21; args=(3,); alias=default
2023-03-16 09:45:07,112 - django.db.backends - DEBUG - (0.000) SELECT "django_content_type"."id", "django_content_type"."app_label", "django_content_type"."model" FROM "django_content_type" WHERE ("django_content_type"."app_label" = 'authtoken' AND "django_content_type"."model" = 'tokenproxy') LIMIT 21; args=('authtoken', 'tokenproxy'); alias=default
2023-03-16 09:45:07,243 - django.db.backends - DEBUG - (0.001) SELECT "app_customuser"."id", "app_customuser"."password", "app_customuser"."last_login", "app_customuser"."is_superuser", "app_customuser"."username", "app_customuser"."is_staff", "app_customuser"."is_active", "app_customuser"."date_joined", "app_customuser"."created", "app_customuser"."modified", "app_customuser"."modified_by", "app_customuser"."created_by", "app_customuser"."email", "app_customuser"."first_name", "app_customuser"."middle_name", "app_customuser"."last_name", "app_customuser"."pan_number", "app_customuser"."phone_number" FROM "app_customuser" ORDER BY "app_customuser"."email" ASC; args=(); alias=default
2023-03-16 09:45:07,311 - django.db.backends - DEBUG - (0.003) SELECT "django_session"."session_key", "django_session"."session_data", "django_session"."expire_date" FROM "django_session" WHERE ("django_session"."expire_date" > '2023-03-16 09:45:07.299117' AND "django_session"."session_key" = '0s2m51hpe2yog7julw7awmbycky5a6qf') LIMIT 21; args=('2023-03-16 09:45:07.299117', '0s2m51hpe2yog7julw7awmbycky5a6qf'); alias=default
2023-03-16 09:45:07,314 - django.db.backends - DEBUG - (0.001) SELECT "app_customuser"."id", "app_customuser"."password", "app_customuser"."last_login", "app_customuser"."is_superuser", "app_customuser"."username", "app_customuser"."is_staff", "app_customuser"."is_active", "app_customuser"."date_joined", "app_customuser"."created", "app_customuser"."modified", "app_customuser"."modified_by", "app_customuser"."created_by", "app_customuser"."email", "app_customuser"."first_name", "app_customuser"."middle_name", "app_customuser"."last_name", "app_customuser"."pan_number", "app_customuser"."phone_number" FROM "app_customuser" WHERE "app_customuser"."id" = 7 LIMIT 21; args=(7,); alias=default
2023-03-16 09:45:08,743 - django.db.backends - DEBUG - (0.001) SELECT "django_session"."session_key", "django_session"."session_data", "django_session"."expire_date" FROM "django_session" WHERE ("django_session"."expire_date" > '2023-03-16 09:45:08.740887' AND "django_session"."session_key" = '0s2m51hpe2yog7julw7awmbycky5a6qf') LIMIT 21; args=('2023-03-16 09:45:08.740887', '0s2m51hpe2yog7julw7awmbycky5a6qf'); alias=default
2023-03-16 09:45:08,744 - django.db.backends - DEBUG - (0.000) SELECT "app_customuser"."id", "app_customuser"."password", "app_customuser"."last_login", "app_customuser"."is_superuser", "app_customuser"."username", "app_customuser"."is_staff", "app_customuser"."is_active", "app_customuser"."date_joined", "app_customuser"."created", "app_customuser"."modified", "app_customuser"."modified_by", "app_customuser"."created_by", "app_customuser"."email", "app_customuser"."first_name", "app_customuser"."middle_name", "app_customuser"."last_name", "app_customuser"."pan_number", "app_customuser"."phone_number" FROM "app_customuser" WHERE "app_customuser"."id" = 7 LIMIT 21; args=(7,); alias=default
2023-03-16 09:45:08,746 - django.db.backends - DEBUG - (0.000) SELECT COUNT(*) AS "__count" FROM "authtoken_token"; args=(); alias=default
2023-03-16 09:45:08,746 - django.db.backends - DEBUG - (0.000) SELECT COUNT(*) AS "__count" FROM "authtoken_token"; args=(); alias=default
2023-03-16 09:45:08,749 - django.db.backends - DEBUG - (0.000) SELECT "authtoken_token"."key", "authtoken_token"."user_id", "authtoken_token"."created", "app_customuser"."id", "app_customuser"."password", "app_customuser"."last_login", "app_customuser"."is_superuser", "app_customuser"."username", "app_customuser"."is_staff", "app_customuser"."is_active", "app_customuser"."date_joined", "app_customuser"."created", "app_customuser"."modified", "app_customuser"."modified_by", "app_customuser"."created_by", "app_customuser"."email", "app_customuser"."first_name", "app_customuser"."middle_name", "app_customuser"."last_name", "app_customuser"."pan_number", "app_customuser"."phone_number" FROM "authtoken_token" INNER JOIN "app_customuser" ON ("authtoken_token"."user_id" = "app_customuser"."id") ORDER BY "authtoken_token"."created" DESC, "authtoken_token"."key" DESC; args=(); alias=default
2023-03-16 09:45:37,282 - django.db.backends - DEBUG - (0.002) SELECT "authtoken_token"."key", "authtoken_token"."user_id", "authtoken_token"."created", "app_customuser"."id", "app_customuser"."password", "app_customuser"."last_login", "app_customuser"."is_superuser", "app_customuser"."username", "app_customuser"."is_staff", "app_customuser"."is_active", "app_customuser"."date_joined", "app_customuser"."created", "app_customuser"."modified", "app_customuser"."modified_by", "app_customuser"."created_by", "app_customuser"."email", "app_customuser"."first_name", "app_customuser"."middle_name", "app_customuser"."last_name", "app_customuser"."pan_number", "app_customuser"."phone_number" FROM "authtoken_token" INNER JOIN "app_customuser" ON ("authtoken_token"."user_id" = "app_customuser"."id") WHERE "authtoken_token"."key" = 'c35ce45883270bf63faebbc3ca2029d755917375' LIMIT 21; args=('c35ce45883270bf63faebbc3ca2029d755917375',); alias=default
2023-03-16 10:08:19,897 - django.db.backends - DEBUG - (0.001) 
            SELECT name, type FROM sqlite_master
            WHERE type in ('table', 'view') AND NOT name='sqlite_sequence'
            ORDER BY name; args=None; alias=default
2023-03-16 10:08:19,907 - django.db.backends - DEBUG - (0.000) SELECT "django_migrations"."id", "django_migrations"."app", "django_migrations"."name", "django_migrations"."applied" FROM "django_migrations"; args=(); alias=default
2023-03-16 10:08:47,915 - django.db.backends - DEBUG - (0.003) SELECT "authtoken_token"."key", "authtoken_token"."user_id", "authtoken_token"."created", "app_customuser"."id", "app_customuser"."password", "app_customuser"."last_login", "app_customuser"."is_superuser", "app_customuser"."username", "app_customuser"."is_staff", "app_customuser"."is_active", "app_customuser"."date_joined", "app_customuser"."created", "app_customuser"."modified", "app_customuser"."modified_by", "app_customuser"."created_by", "app_customuser"."email", "app_customuser"."first_name", "app_customuser"."middle_name", "app_customuser"."last_name", "app_customuser"."pan_number", "app_customuser"."phone_number" FROM "authtoken_token" INNER JOIN "app_customuser" ON ("authtoken_token"."user_id" = "app_customuser"."id") WHERE "authtoken_token"."key" = 'c35ce45883270bf63faebbc3ca2029d755917375' LIMIT 21; args=('c35ce45883270bf63faebbc3ca2029d755917375',); alias=default
2023-03-16 10:09:23,011 - django.db.backends - DEBUG - (0.001) 
            SELECT name, type FROM sqlite_master
            WHERE type in ('table', 'view') AND NOT name='sqlite_sequence'
            ORDER BY name; args=None; alias=default
2023-03-16 10:09:23,013 - django.db.backends - DEBUG - (0.000) SELECT "django_migrations"."id", "django_migrations"."app", "django_migrations"."name", "django_migrations"."applied" FROM "django_migrations"; args=(); alias=default
2023-03-16 10:09:32,689 - django.db.backends - DEBUG - (0.001) 
            SELECT name, type FROM sqlite_master
            WHERE type in ('table', 'view') AND NOT name='sqlite_sequence'
            ORDER BY name; args=None; alias=default
2023-03-16 10:09:32,691 - django.db.backends - DEBUG - (0.000) SELECT "django_migrations"."id", "django_migrations"."app", "django_migrations"."name", "django_migrations"."applied" FROM "django_migrations"; args=(); alias=default
2023-03-16 10:09:36,052 - django.db.backends - DEBUG - (0.000) 
            SELECT name, type FROM sqlite_master
            WHERE type in ('table', 'view') AND NOT name='sqlite_sequence'
            ORDER BY name; args=None; alias=default
2023-03-16 10:09:36,054 - django.db.backends - DEBUG - (0.000) SELECT "django_migrations"."id", "django_migrations"."app", "django_migrations"."name", "django_migrations"."applied" FROM "django_migrations"; args=(); alias=default
2023-03-16 10:09:43,048 - django.db.backends - DEBUG - (0.001) 
            SELECT name, type FROM sqlite_master
            WHERE type in ('table', 'view') AND NOT name='sqlite_sequence'
            ORDER BY name; args=None; alias=default
2023-03-16 10:09:43,050 - django.db.backends - DEBUG - (0.000) SELECT "django_migrations"."id", "django_migrations"."app", "django_migrations"."name", "django_migrations"."applied" FROM "django_migrations"; args=(); alias=default
2023-03-16 10:09:44,747 - django.db.backends - DEBUG - (0.000) 
            SELECT name, type FROM sqlite_master
            WHERE type in ('table', 'view') AND NOT name='sqlite_sequence'
            ORDER BY name; args=None; alias=default
2023-03-16 10:09:44,749 - django.db.backends - DEBUG - (0.000) SELECT "django_migrations"."id", "django_migrations"."app", "django_migrations"."name", "django_migrations"."applied" FROM "django_migrations"; args=(); alias=default
2023-03-16 10:09:49,697 - django.db.backends - DEBUG - (0.000) 
            SELECT name, type FROM sqlite_master
            WHERE type in ('table', 'view') AND NOT name='sqlite_sequence'
            ORDER BY name; args=None; alias=default
2023-03-16 10:09:49,698 - django.db.backends - DEBUG - (0.000) SELECT "django_migrations"."id", "django_migrations"."app", "django_migrations"."name", "django_migrations"."applied" FROM "django_migrations"; args=(); alias=default
2023-03-16 10:09:52,470 - django.db.backends - DEBUG - (0.002) SELECT "authtoken_token"."key", "authtoken_token"."user_id", "authtoken_token"."created", "app_customuser"."id", "app_customuser"."password", "app_customuser"."last_login", "app_customuser"."is_superuser", "app_customuser"."username", "app_customuser"."is_staff", "app_customuser"."is_active", "app_customuser"."date_joined", "app_customuser"."created", "app_customuser"."modified", "app_customuser"."modified_by", "app_customuser"."created_by", "app_customuser"."email", "app_customuser"."first_name", "app_customuser"."middle_name", "app_customuser"."last_name", "app_customuser"."pan_number", "app_customuser"."phone_number" FROM "authtoken_token" INNER JOIN "app_customuser" ON ("authtoken_token"."user_id" = "app_customuser"."id") WHERE "authtoken_token"."key" = 'c35ce45883270bf63faebbc3ca2029d755917375' LIMIT 21; args=('c35ce45883270bf63faebbc3ca2029d755917375',); alias=default
2023-03-16 10:10:32,723 - django.db.backends - DEBUG - (0.001) 
            SELECT name, type FROM sqlite_master
            WHERE type in ('table', 'view') AND NOT name='sqlite_sequence'
            ORDER BY name; args=None; alias=default
2023-03-16 10:10:32,725 - django.db.backends - DEBUG - (0.000) SELECT "django_migrations"."id", "django_migrations"."app", "django_migrations"."name", "django_migrations"."applied" FROM "django_migrations"; args=(); alias=default
2023-03-16 10:10:40,331 - django.db.backends - DEBUG - (0.002) SELECT "authtoken_token"."key", "authtoken_token"."user_id", "authtoken_token"."created", "app_customuser"."id", "app_customuser"."password", "app_customuser"."last_login", "app_customuser"."is_superuser", "app_customuser"."username", "app_customuser"."is_staff", "app_customuser"."is_active", "app_customuser"."date_joined", "app_customuser"."created", "app_customuser"."modified", "app_customuser"."modified_by", "app_customuser"."created_by", "app_customuser"."email", "app_customuser"."first_name", "app_customuser"."middle_name", "app_customuser"."last_name", "app_customuser"."pan_number", "app_customuser"."phone_number" FROM "authtoken_token" INNER JOIN "app_customuser" ON ("authtoken_token"."user_id" = "app_customuser"."id") WHERE "authtoken_token"."key" = 'c35ce45883270bf63faebbc3ca2029d755917375' LIMIT 21; args=('c35ce45883270bf63faebbc3ca2029d755917375',); alias=default
2023-03-16 10:10:52,481 - django.db.backends - DEBUG - (0.002) SELECT "authtoken_token"."key", "authtoken_token"."user_id", "authtoken_token"."created", "app_customuser"."id", "app_customuser"."password", "app_customuser"."last_login", "app_customuser"."is_superuser", "app_customuser"."username", "app_customuser"."is_staff", "app_customuser"."is_active", "app_customuser"."date_joined", "app_customuser"."created", "app_customuser"."modified", "app_customuser"."modified_by", "app_customuser"."created_by", "app_customuser"."email", "app_customuser"."first_name", "app_customuser"."middle_name", "app_customuser"."last_name", "app_customuser"."pan_number", "app_customuser"."phone_number" FROM "authtoken_token" INNER JOIN "app_customuser" ON ("authtoken_token"."user_id" = "app_customuser"."id") WHERE "authtoken_token"."key" = 'c35ce45883270bf63faebbc3ca2029d755917375' LIMIT 21; args=('c35ce45883270bf63faebbc3ca2029d755917375',); alias=default
2023-03-16 10:10:52,487 - django.db.backends - DEBUG - (0.001) SELECT "app_customerbankaccount"."id", "app_customerbankaccount"."created", "app_customerbankaccount"."modified", "app_customerbankaccount"."modified_by", "app_customerbankaccount"."created_by", "app_customerbankaccount"."account_number", "app_customerbankaccount"."ifsc_code", "app_customerbankaccount"."customer_id", "app_customerbankaccount"."bank_id", "app_customerbankaccount"."cheque_image", "app_customerbankaccount"."branch_name", "app_customerbankaccount"."is_cheque_verified", "app_customerbankaccount"."name_as_per_bank_record", "app_customerbankaccount"."verification_mode", "app_customerbankaccount"."verification_status", "app_customerbankaccount"."account_type", "app_customerbankaccount"."balance", "app_customerbankaccount"."is_active" FROM "app_customerbankaccount" WHERE ("app_customerbankaccount"."account_number" = '942423424' AND "app_customerbankaccount"."customer_id" = 3 AND "app_customerbankaccount"."ifsc_code" = '00000000000777') ORDER BY "app_customerbankaccount"."id" ASC LIMIT 1; args=('942423424', 3, '00000000000777'); alias=default
2023-03-16 10:10:52,490 - django.db.backends - DEBUG - (0.000) SELECT "app_customuser"."id", "app_customuser"."password", "app_customuser"."last_login", "app_customuser"."is_superuser", "app_customuser"."username", "app_customuser"."is_staff", "app_customuser"."is_active", "app_customuser"."date_joined", "app_customuser"."created", "app_customuser"."modified", "app_customuser"."modified_by", "app_customuser"."created_by", "app_customuser"."email", "app_customuser"."first_name", "app_customuser"."middle_name", "app_customuser"."last_name", "app_customuser"."pan_number", "app_customuser"."phone_number" FROM "app_customuser" WHERE "app_customuser"."id" = 3 LIMIT 21; args=(3,); alias=default
2023-03-16 10:10:52,492 - django.db.backends - DEBUG - (0.000) SELECT COUNT(*) AS "__count" FROM "app_customerbankaccount" WHERE "app_customerbankaccount"."customer_id" = 3; args=(3,); alias=default
2023-03-16 10:10:52,493 - django.db.backends - DEBUG - (0.000) SELECT "app_bank"."id", "app_bank"."created", "app_bank"."modified", "app_bank"."is_active", "app_bank"."modified_by", "app_bank"."created_by", "app_bank"."bank_id", "app_bank"."bank_name", "app_bank"."bank_website", "app_bank"."bank_number", "app_bank"."bank_logo" FROM "app_bank" WHERE "app_bank"."id" = 1 LIMIT 21; args=(1,); alias=default
2023-03-16 10:10:52,494 - django.db.backends - DEBUG - (0.000) SELECT 1 AS "a" FROM "app_customerbankaccount" WHERE ("app_customerbankaccount"."account_number" = '942423424' AND "app_customerbankaccount"."ifsc_code" = '00000000000777') LIMIT 1; args=(1, '942423424', '00000000000777'); alias=default
2023-03-16 10:10:52,496 - django.db.backends - DEBUG - (0.002) UPDATE "app_customerbankaccount" SET "is_active" = 0 WHERE ("app_customerbankaccount"."customer_id" = 3 AND "app_customerbankaccount"."is_active"); args=(False, 3); alias=default
2023-03-16 10:10:52,498 - django.db.backends - DEBUG - (0.001) INSERT INTO "app_customerbankaccount" ("created", "modified", "modified_by", "created_by", "account_number", "ifsc_code", "customer_id", "bank_id", "cheque_image", "branch_name", "is_cheque_verified", "name_as_per_bank_record", "verification_mode", "verification_status", "account_type", "balance", "is_active") VALUES ('2023-03-16 10:10:52.497087', '2023-03-16 10:10:52.497124', NULL, NULL, '942423424', '00000000000777', 3, 1, '', 'xyz', 1, 'Aryamaan', 'EKYC', 0, 'savings', '42342.00', 1) RETURNING "app_customerbankaccount"."id"; args=('2023-03-16 10:10:52.497087', '2023-03-16 10:10:52.497124', None, None, '942423424', '00000000000777', 3, 1, '', 'xyz', True, 'Aryamaan', 'EKYC', False, 'savings', '42342.00', True); alias=default
2023-03-16 10:10:52,500 - django.db.backends - DEBUG - (0.000) SELECT "app_bank"."id", "app_bank"."created", "app_bank"."modified", "app_bank"."is_active", "app_bank"."modified_by", "app_bank"."created_by", "app_bank"."bank_id", "app_bank"."bank_name", "app_bank"."bank_website", "app_bank"."bank_number", "app_bank"."bank_logo" FROM "app_bank" WHERE "app_bank"."bank_id" = '1' LIMIT 21; args=('1',); alias=default
2023-03-16 10:10:58,353 - django.db.backends - DEBUG - (0.001) SELECT "authtoken_token"."key", "authtoken_token"."user_id", "authtoken_token"."created", "app_customuser"."id", "app_customuser"."password", "app_customuser"."last_login", "app_customuser"."is_superuser", "app_customuser"."username", "app_customuser"."is_staff", "app_customuser"."is_active", "app_customuser"."date_joined", "app_customuser"."created", "app_customuser"."modified", "app_customuser"."modified_by", "app_customuser"."created_by", "app_customuser"."email", "app_customuser"."first_name", "app_customuser"."middle_name", "app_customuser"."last_name", "app_customuser"."pan_number", "app_customuser"."phone_number" FROM "authtoken_token" INNER JOIN "app_customuser" ON ("authtoken_token"."user_id" = "app_customuser"."id") WHERE "authtoken_token"."key" = 'c35ce45883270bf63faebbc3ca2029d755917375' LIMIT 21; args=('c35ce45883270bf63faebbc3ca2029d755917375',); alias=default
